This is pdfTeX, Version 3.14159265-2.6-1.40.19 (TeX Live 2018/Arch Linux) (preloaded format=pdflatex 2018.10.3)  15 OCT 2018 18:51
entering extended mode
 restricted \write18 enabled.
 %&-line parsing enabled.
**mathchars.sty
(./mathchars.sty
LaTeX2e <2018-04-01> patch level 5
)
*
! Interruption.
<*> 
    
? 
(Please type a command or say `\end')
*X

! LaTeX Error: Missing \begin{document}.

See the LaTeX manual or LaTeX Companion for explanation.
Type  H <return>  for immediate help.
 ...                                              
                                                  
<*> X
     
? X
 
Here is how much of TeX's memory you used:
 22 strings out of 492642
 343 string characters out of 6135566
 57957 words of memory out of 5000000
 4007 multiletter control sequences out of 15000+600000
 3640 words of font info for 14 fonts, out of 8000000 for 9000
 1141 hyphenation exceptions out of 8191
 5i,0n,4p,87b,14s stack positions out of 5000i,500n,10000p,200000b,80000s
No pages of output.
PDF statistics:
 0 PDF objects out of 1000 (max. 8388607)
 0 named destinations out of 1000 (max. 500000)
 1 words of extra memory for PDF output out of 10000 (max. 10000000)

